Arguments: 
  C:\Program Files\nodejs\node.exe C:\Program Files (x86)\Yarn\bin\yarn.js

PATH: 
  C:\ProgramData\DockerDesktop\version-bin;C:\Program Files\Docker\Docker\Resources\bin;C:\ProgramData\Oracle\Java\javapath;C:\Windows\system32;C:\Windows;C:\Windows\System32\Wbem;C:\Windows\System32\WindowsPowerShell\v1.0\;C:\Program Files (x86)\NVIDIA Corporation\PhysX\Common;C:\WINDOWS\system32;C:\WINDOWS;C:\WINDOWS\System32\Wbem;C:\WINDOWS\System32\WindowsPowerShell\v1.0\;C:\Program Files\Microsoft SQL Server\110\Tools\Binn\;C:\Program Files (x86)\GtkSharp\2.12\bin;E:\opencv\build\x86\vc12\bin;D:\Hugo\bin;C:\Program Files\Git\cmd;E:\opencv\build\x64\vc14\bin;D:\MongoDB\bin;C:\Program Files\Java\jdk1.8.0_92\bin;C:\Program Files\Java\jdk1.8.0_92\jre\bin;C:\Program Files (x86)\GnuWin32\bin;C:\Program Files\TortoiseGit\bin;C:\WINDOWS\System32\OpenSSH\;C:\Program Files\nodejs\;C:\Program Files (x86)\Yarn\bin\;C:\Program Files\NVIDIA Corporation\NVIDIA NvDLISR;D:\adb;C:\Program Files\Microsoft VS Code\bin;C:\WINDOWS\system32;C:\WINDOWS;C:\WINDOWS\System32\Wbem;C:\WINDOWS\System32\WindowsPowerShell\v1.0\;C:\WINDOWS\System32\OpenSSH\;C:\Users\wang\AppData\Local\Microsoft\WindowsApps;C:\Python27;C:\Python27\Scripts;C:\wamp64\bin\php\php5.6.25;C:\Program Files (x86)\Microsoft VS Code\bin;C:\Users\wang\AppData\Local\Android\sdk\platform-tools;C:\Users\wang\AppData\Local\Android\sdk\tools;C:\Users\wang\AppData\Local\Programs\Microsoft VS Code\bin;;C:\Users\wang\AppData\Local\now-cli;C:\Users\wang\AppData\Roaming\npm;C:\Users\wang\AppData\Local\Yarn\bin

Yarn version: 
  1.10.1

Node version: 
  8.12.0

Platform: 
  win32 x64

Trace: 
  Error: http://registry.npm.taobao.org/@choerodon%2fboot: Not found
      at Request.params.callback [as _callback] (C:\Program Files (x86)\Yarn\lib\cli.js:60182:18)
      at Request.self.callback (C:\Program Files (x86)\Yarn\lib\cli.js:120166:22)
      at emitTwo (events.js:126:13)
      at Request.emit (events.js:214:7)
      at Request.<anonymous> (C:\Program Files (x86)\Yarn\lib\cli.js:121138:10)
      at emitOne (events.js:116:13)
      at Request.emit (events.js:211:7)
      at IncomingMessage.<anonymous> (C:\Program Files (x86)\Yarn\lib\cli.js:121060:12)
      at Object.onceWrapper (events.js:313:30)
      at emitNone (events.js:111:20)

npm manifest: 
  {
    "name": "@choerodon/agile",
    "routeName": "agile",
    "version": "0.1.0",
    "description": "",
    "main": "./react/src/app/agile/containers/AGILEIndex.js",
    "files": [
      "lib"
    ],
    "dependencies": {
      "@choerodon/boot": "0.1.x",
      "@choerodon/master": "0.1.x",
      "@toast-ui/react-calendar": "^1.0.1",
      "bizcharts": "^3.1.10",
      "canvas2image": "^1.0.5",
      "echarts": "^4.1.0",
      "echarts-for-react": "^2.0.14",
      "file-saver": "^1.3.8",
      "html2canvas": "^1.0.0-alpha.12",
      "immutability-helper": "^2.8.1",
      "moment": "^2.22.2",
      "moment-range": "^4.0.2",
      "quill-delta-to-html": "^0.8.4",
      "rc-progress": "^2.2.6",
      "react-beautiful-dnd": "8.0.7",
      "react-dnd": "^5.0.0",
      "react-dnd-html5-backend": "^5.0.1",
      "react-fast-compare": "^2.0.4",
      "react-image-lightbox": "^4.6.0",
      "react-quill": "^1.3.2",
      "timeago-react": "2.0.0"
    },
    "devDependencies": {
      "babel-preset-env": "^1.7.0",
      "gulp": "^3.9.1",
      "gulp-babel": "^7.0.1",
      "through2": "^2.0.3"
    },
    "scripts": {
      "start": "choerodon-front-boot start --config ./react/config.js",
      "dist": "choerodon-front-boot dist --config ./react/config.js",
      "compile": "gulp compile",
      "lint-staged": "lint-staged",
      "lint-staged:es": "eslint",
      "prepublish": "choerodon-front-boot prepublish",
      "postpublish": "choerodon-front-boot postpublish"
    },
    "author": "",
    "license": "ISC",
    "lint-staged": {
      "react/**/*.{js,jsx}": [
        "npm run lint-staged:es"
      ],
      "react/**/*.scss": "stylelint --syntax scss"
    },
    "husky": {
      "hooks": {
        "pre-commit": "lint-staged"
      }
    },
    "peerDependencies": {}
  }

yarn manifest: 
  No manifest

Lockfile: 
  No lockfile
